<?xml version="1.0" encoding="UTF-8"?>
<testng-results ignored="0" total="1" passed="1" failed="0" skipped="0">
  <reporter-output>
  </reporter-output>
  <suite started-at="2023-08-16T20:19:14 IST" name="Default suite" finished-at="2023-08-16T20:19:59 IST" duration-ms="44658">
    <groups>
    </groups>
    <test started-at="2023-08-16T20:19:14 IST" name="Default test" finished-at="2023-08-16T20:19:59 IST" duration-ms="44658">
      <class name="com.ifs.runner.runner">
        <test-method signature="main()[pri:0, instance:com.ifs.runner.runner@5fe94a96]" started-at="2023-08-16T20:19:14 IST" name="main" finished-at="2023-08-16T20:19:59 IST" duration-ms="44542" status="PASS">
          <reporter-output>
          </reporter-output>
        </test-method> <!-- main -->
      </class> <!-- com.ifs.runner.runner -->
    </test> <!-- Default test -->
  </suite> <!-- Default suite -->
</testng-results>
